2018-01-14 21:02:39 [Payments] [testcoin community] -  minimum paymentInterval of 120 seconds recommended.
2018-01-14 21:15:00 [Payments] [testcoin community] -  minimum paymentInterval of 120 seconds recommended.
2018-01-14 21:23:15 [Payments] [testcoin community] -  minimum paymentInterval of 120 seconds recommended.
2018-01-14 21:36:31 [Payments] [bitcoin community] -  minimum paymentInterval of 120 seconds recommended.
2018-01-14 21:45:21 [Payments] [testcoin community] -  minimum paymentInterval of 120 seconds recommended.
2018-01-14 21:47:08 [Payments] [testcoin community] -  minimum paymentInterval of 120 seconds recommended.
2018-01-14 21:51:00 [Payments] [testcoin community] -  minimum paymentInterval of 120 seconds recommended.
2018-01-14 21:53:44 [Payments] [testcoin community] -  minimum paymentInterval of 120 seconds recommended.
2018-01-14 22:40:34 [Payments] [testcoin community] -  minimum paymentInterval of 120 seconds recommended.
2018-01-15 09:10:05 [Payments] [testcoin community] -  minimum paymentInterval of 120 seconds recommended.
2018-01-15 09:11:15 [Payments] [testcoin community] -  minimum paymentInterval of 120 seconds recommended.
2018-01-15 09:40:04 [Payments] [testcoin community] -  minimum paymentInterval of 120 seconds recommended.
2018-01-15 09:40:17 [Payments] [testcoin community] -  minimum paymentInterval of 120 seconds recommended.
2018-01-15 09:52:55 [Payments] [testcoin community] -  minimum paymentInterval of 120 seconds recommended.
2018-01-15 23:05:09 [Payments] [testcoin community] -  minimum paymentInterval of 120 seconds recommended.
2018-01-15 23:07:50 [Payments] [testcoin community] -  minimum paymentInterval of 120 seconds recommended.
2018-01-15 23:08:38 [Payments] [testcoin community] -  minimum paymentInterval of 120 seconds recommended.
2018-01-15 23:09:35 [Payments] [testcoin community] - Moving shares from orphaned block 1258788 to current round.
2018-01-15 23:09:35 [Payments] [testcoin community] - Moving shares from orphaned block 1258789 to current round.
2018-01-15 23:09:35 [Payments] [testcoin community] - Moving shares from orphaned block 1258790 to current round.
2018-01-15 23:09:35 [Payments] [testcoin community] - Moving shares from orphaned block 1258791 to current round.
2018-01-15 23:09:35 [Payments] [testcoin community] - Moving shares from orphaned block 1258792 to current round.
2018-01-15 23:09:35 [Payments] [testcoin community] - Moving shares from orphaned block 1258793 to current round.
2018-01-15 23:09:35 [Payments] [testcoin community] - Moving shares from orphaned block 1258794 to current round.
2018-01-15 23:09:35 [Payments] [testcoin community] - Moving shares from orphaned block 1258795 to current round.
2018-01-15 23:09:35 [Payments] [testcoin community] - Moving shares from orphaned block 1258796 to current round.
2018-01-15 23:09:35 [Payments] [testcoin community] - Moving shares from orphaned block 1258797 to current round.
2018-01-15 23:09:35 [Payments] [testcoin community] - Moving shares from orphaned block 1258798 to current round.
2018-01-15 23:09:35 [Payments] [testcoin community] - Moving shares from orphaned block 1258799 to current round.
2018-01-15 23:15:40 [Payments] [testcoin community] -  minimum paymentInterval of 120 seconds recommended.
2018-01-15 23:34:51 [Payments] [testcoin community] -  minimum paymentInterval of 120 seconds recommended.
2018-01-15 23:39:25 [Payments] [testcoin community] -  minimum paymentInterval of 120 seconds recommended.
2018-01-15 23:46:58 [Payments] [testcoin community] -  minimum paymentInterval of 120 seconds recommended.
2018-01-15 23:50:49 [Payments] [testcoin community] -  minimum paymentInterval of 120 seconds recommended.
2018-01-16 11:22:51 [Payments] [testcoin community] -  minimum paymentInterval of 120 seconds recommended.
2018-01-16 11:23:48 [Payments] [testcoin community] - Moving shares from orphaned block 1258789 to current round.
2018-01-16 11:23:48 [Payments] [testcoin community] - Moving shares from orphaned block 1258790 to current round.
2018-01-16 11:23:48 [Payments] [testcoin community] - Moving shares from orphaned block 1258791 to current round.
2018-01-16 11:23:48 [Payments] [testcoin community] - Moving shares from orphaned block 1258792 to current round.
2018-01-16 11:23:48 [Payments] [testcoin community] - Moving shares from orphaned block 1258793 to current round.
2018-01-16 11:23:48 [Payments] [testcoin community] - Moving shares from orphaned block 1258794 to current round.
2018-01-16 11:23:48 [Payments] [testcoin community] - Moving shares from orphaned block 1258795 to current round.
2018-01-16 11:23:48 [Payments] [testcoin community] - Moving shares from orphaned block 1258796 to current round.
2018-01-16 11:23:48 [Payments] [testcoin community] - Moving shares from orphaned block 1258797 to current round.
2018-01-16 19:13:40 [Payments] [testcoin community] -  minimum paymentInterval of 120 seconds recommended.
2018-01-16 19:16:00 [Payments] [testcoin community] -  minimum paymentInterval of 120 seconds recommended.
2018-01-16 19:23:03 [Payments] [testcoin community] -  minimum paymentInterval of 120 seconds recommended.
2018-01-16 19:24:02 [Payments] [testcoin community] -  minimum paymentInterval of 120 seconds recommended.
2018-01-16 19:25:02 [Payments] [testcoin community] -  minimum paymentInterval of 120 seconds recommended.
2018-01-16 19:26:01 [Payments] [testcoin community] -  minimum paymentInterval of 120 seconds recommended.
2018-01-16 19:27:01 [Payments] [testcoin community] -  minimum paymentInterval of 120 seconds recommended.
2018-01-16 19:28:00 [Payments] [testcoin community] -  minimum paymentInterval of 120 seconds recommended.
2018-01-16 19:29:00 [Payments] [testcoin community] -  minimum paymentInterval of 120 seconds recommended.
2018-01-16 19:29:59 [Payments] [testcoin community] -  minimum paymentInterval of 120 seconds recommended.
2018-01-16 19:30:59 [Payments] [testcoin community] -  minimum paymentInterval of 120 seconds recommended.
2018-01-16 19:31:58 [Payments] [testcoin community] -  minimum paymentInterval of 120 seconds recommended.
2018-01-16 19:32:58 [Payments] [testcoin community] -  minimum paymentInterval of 120 seconds recommended.
2018-01-16 19:39:51 [Payments] [testcoin community] -  minimum paymentInterval of 120 seconds recommended.
2018-01-16 20:30:12 [Payments] [testcoin community] - Insufficient funds (??) for payments (12599999999.95), decreasing rewards by 0.1% and retrying
2018-01-16 20:30:12 [Payments] [testcoin community] - Insufficient funds (??) for payments (12587399999.9501), decreasing rewards by 0.2% and retrying
2018-01-16 20:30:12 [Payments] [testcoin community] - Insufficient funds (??) for payments (12574799999.9501), decreasing rewards by 0.3% and retrying
2018-01-16 20:30:12 [Payments] [testcoin community] - Insufficient funds (??) for payments (12562199999.9502), decreasing rewards by 0.4% and retrying
2018-01-16 20:30:12 [Payments] [testcoin community] - sendmany "" {"mwX4zW9mLDR9Y7ZbGBrtBCMVSgMJqRSjxJ":12549599999.9502}
2018-01-16 20:31:09 [Payments] [testcoin community] - Insufficient funds (??) for payments (12600015624.9), decreasing rewards by 0.1% and retrying
2018-01-16 20:31:09 [Payments] [testcoin community] - Insufficient funds (??) for payments (12587415609.2751), decreasing rewards by 0.2% and retrying
2018-01-16 20:31:09 [Payments] [testcoin community] - Insufficient funds (??) for payments (12574815593.6502), decreasing rewards by 0.3% and retrying
2018-01-16 20:31:09 [Payments] [testcoin community] - Insufficient funds (??) for payments (12562215578.0253), decreasing rewards by 0.4% and retrying
2018-01-16 20:31:09 [Payments] [testcoin community] - sendmany "" {"mwX4zW9mLDR9Y7ZbGBrtBCMVSgMJqRSjxJ":12549615562.4004}
2018-01-16 20:32:06 [Payments] [testcoin community] - Insufficient funds (??) for payments (12600031249.85), decreasing rewards by 0.1% and retrying
2018-01-16 20:32:06 [Payments] [testcoin community] - Insufficient funds (??) for payments (12587431218.6002), decreasing rewards by 0.2% and retrying
2018-01-16 20:32:06 [Payments] [testcoin community] - Insufficient funds (??) for payments (12574831187.3503), decreasing rewards by 0.3% and retrying
2018-01-16 20:32:06 [Payments] [testcoin community] - Insufficient funds (??) for payments (12562231156.1005), decreasing rewards by 0.4% and retrying
2018-01-16 20:32:06 [Payments] [testcoin community] - sendmany "" {"mwX4zW9mLDR9Y7ZbGBrtBCMVSgMJqRSjxJ":12549631124.8506}
2018-01-16 20:33:03 [Payments] [testcoin community] - Insufficient funds (??) for payments (12600031249.85), decreasing rewards by 0.1% and retrying
2018-01-16 20:33:03 [Payments] [testcoin community] - Insufficient funds (??) for payments (12587431218.6002), decreasing rewards by 0.2% and retrying
2018-01-16 20:33:03 [Payments] [testcoin community] - Insufficient funds (??) for payments (12574831187.3503), decreasing rewards by 0.3% and retrying
2018-01-16 20:33:03 [Payments] [testcoin community] - Insufficient funds (??) for payments (12562231156.1005), decreasing rewards by 0.4% and retrying
2018-01-16 20:33:03 [Payments] [testcoin community] - sendmany "" {"mwX4zW9mLDR9Y7ZbGBrtBCMVSgMJqRSjxJ":12549631124.8506}
2018-01-16 20:34:00 [Payments] [testcoin community] - Insufficient funds (??) for payments (12600031249.85), decreasing rewards by 0.1% and retrying
2018-01-16 20:34:00 [Payments] [testcoin community] - Insufficient funds (??) for payments (12587431218.6002), decreasing rewards by 0.2% and retrying
2018-01-16 20:34:00 [Payments] [testcoin community] - Insufficient funds (??) for payments (12574831187.3503), decreasing rewards by 0.3% and retrying
2018-01-16 20:34:00 [Payments] [testcoin community] - Insufficient funds (??) for payments (12562231156.1005), decreasing rewards by 0.4% and retrying
2018-01-16 20:34:00 [Payments] [testcoin community] - sendmany "" {"mwX4zW9mLDR9Y7ZbGBrtBCMVSgMJqRSjxJ":12549631124.8506}
2018-01-16 20:34:57 [Payments] [testcoin community] - Insufficient funds (??) for payments (12600031249.85), decreasing rewards by 0.1% and retrying
2018-01-16 20:34:57 [Payments] [testcoin community] - Insufficient funds (??) for payments (12587431218.6002), decreasing rewards by 0.2% and retrying
2018-01-16 20:34:57 [Payments] [testcoin community] - Insufficient funds (??) for payments (12574831187.3503), decreasing rewards by 0.3% and retrying
2018-01-16 20:34:57 [Payments] [testcoin community] - Insufficient funds (??) for payments (12562231156.1005), decreasing rewards by 0.4% and retrying
2018-01-16 20:34:57 [Payments] [testcoin community] - sendmany "" {"mwX4zW9mLDR9Y7ZbGBrtBCMVSgMJqRSjxJ":12549631124.8506}
2018-01-16 20:35:54 [Payments] [testcoin community] - Insufficient funds (??) for payments (12600031249.85), decreasing rewards by 0.1% and retrying
2018-01-16 20:35:54 [Payments] [testcoin community] - Insufficient funds (??) for payments (12587431218.6002), decreasing rewards by 0.2% and retrying
2018-01-16 20:35:54 [Payments] [testcoin community] - Insufficient funds (??) for payments (12574831187.3503), decreasing rewards by 0.3% and retrying
2018-01-16 20:35:54 [Payments] [testcoin community] - Insufficient funds (??) for payments (12562231156.1005), decreasing rewards by 0.4% and retrying
2018-01-16 20:35:54 [Payments] [testcoin community] - sendmany "" {"mwX4zW9mLDR9Y7ZbGBrtBCMVSgMJqRSjxJ":12549631124.8506}
2018-01-16 20:36:51 [Payments] [testcoin community] - Insufficient funds (??) for payments (12600031249.85), decreasing rewards by 0.1% and retrying
2018-01-16 20:36:51 [Payments] [testcoin community] - Insufficient funds (??) for payments (12587431218.6002), decreasing rewards by 0.2% and retrying
2018-01-16 20:36:51 [Payments] [testcoin community] - Insufficient funds (??) for payments (12574831187.3503), decreasing rewards by 0.3% and retrying
2018-01-16 20:36:51 [Payments] [testcoin community] - Insufficient funds (??) for payments (12562231156.1005), decreasing rewards by 0.4% and retrying
2018-01-16 20:36:51 [Payments] [testcoin community] - sendmany "" {"mwX4zW9mLDR9Y7ZbGBrtBCMVSgMJqRSjxJ":12549631124.8506}
2018-01-16 20:37:48 [Payments] [testcoin community] - Insufficient funds (??) for payments (12600031249.85), decreasing rewards by 0.1% and retrying
2018-01-16 20:37:48 [Payments] [testcoin community] - Insufficient funds (??) for payments (12587431218.6002), decreasing rewards by 0.2% and retrying
2018-01-16 20:37:48 [Payments] [testcoin community] - Insufficient funds (??) for payments (12574831187.3503), decreasing rewards by 0.3% and retrying
2018-01-16 20:37:48 [Payments] [testcoin community] - Insufficient funds (??) for payments (12562231156.1005), decreasing rewards by 0.4% and retrying
2018-01-16 20:37:48 [Payments] [testcoin community] - sendmany "" {"mwX4zW9mLDR9Y7ZbGBrtBCMVSgMJqRSjxJ":12549631124.8506}
2018-01-16 20:38:45 [Payments] [testcoin community] - Insufficient funds (??) for payments (12600031249.85), decreasing rewards by 0.1% and retrying
2018-01-16 20:38:45 [Payments] [testcoin community] - Insufficient funds (??) for payments (12587431218.6002), decreasing rewards by 0.2% and retrying
2018-01-16 20:38:45 [Payments] [testcoin community] - Insufficient funds (??) for payments (12574831187.3503), decreasing rewards by 0.3% and retrying
2018-01-16 20:38:45 [Payments] [testcoin community] - Insufficient funds (??) for payments (12562231156.1005), decreasing rewards by 0.4% and retrying
2018-01-16 20:38:45 [Payments] [testcoin community] - sendmany "" {"mwX4zW9mLDR9Y7ZbGBrtBCMVSgMJqRSjxJ":12549631124.8506}
2018-01-16 20:39:42 [Payments] [testcoin community] - Insufficient funds (??) for payments (12600031249.85), decreasing rewards by 0.1% and retrying
2018-01-16 20:39:42 [Payments] [testcoin community] - Insufficient funds (??) for payments (12587431218.6002), decreasing rewards by 0.2% and retrying
2018-01-16 20:39:42 [Payments] [testcoin community] - Insufficient funds (??) for payments (12574831187.3503), decreasing rewards by 0.3% and retrying
2018-01-16 20:39:42 [Payments] [testcoin community] - Insufficient funds (??) for payments (12562231156.1005), decreasing rewards by 0.4% and retrying
2018-01-16 20:39:42 [Payments] [testcoin community] - sendmany "" {"mwX4zW9mLDR9Y7ZbGBrtBCMVSgMJqRSjxJ":12549631124.8506}
2018-01-16 20:40:39 [Payments] [testcoin community] - Insufficient funds (??) for payments (12600031249.85), decreasing rewards by 0.1% and retrying
2018-01-16 20:40:39 [Payments] [testcoin community] - Insufficient funds (??) for payments (12587431218.6002), decreasing rewards by 0.2% and retrying
2018-01-16 20:40:39 [Payments] [testcoin community] - Insufficient funds (??) for payments (12574831187.3503), decreasing rewards by 0.3% and retrying
2018-01-16 20:40:39 [Payments] [testcoin community] - Insufficient funds (??) for payments (12562231156.1005), decreasing rewards by 0.4% and retrying
2018-01-16 20:40:39 [Payments] [testcoin community] - sendmany "" {"mwX4zW9mLDR9Y7ZbGBrtBCMVSgMJqRSjxJ":12549631124.8506}
2018-01-16 20:41:36 [Payments] [testcoin community] - Insufficient funds (??) for payments (12600031249.85), decreasing rewards by 0.1% and retrying
2018-01-16 20:41:36 [Payments] [testcoin community] - Insufficient funds (??) for payments (12587431218.6002), decreasing rewards by 0.2% and retrying
2018-01-16 20:41:36 [Payments] [testcoin community] - Insufficient funds (??) for payments (12574831187.3503), decreasing rewards by 0.3% and retrying
2018-01-16 20:41:36 [Payments] [testcoin community] - Insufficient funds (??) for payments (12562231156.1005), decreasing rewards by 0.4% and retrying
2018-01-16 20:41:36 [Payments] [testcoin community] - sendmany "" {"mwX4zW9mLDR9Y7ZbGBrtBCMVSgMJqRSjxJ":12549631124.8506}
2018-01-16 20:42:33 [Payments] [testcoin community] - Insufficient funds (??) for payments (12600031249.85), decreasing rewards by 0.1% and retrying
2018-01-16 20:42:33 [Payments] [testcoin community] - Insufficient funds (??) for payments (12587431218.6002), decreasing rewards by 0.2% and retrying
2018-01-16 20:42:33 [Payments] [testcoin community] - Insufficient funds (??) for payments (12574831187.3503), decreasing rewards by 0.3% and retrying
2018-01-16 20:42:33 [Payments] [testcoin community] - Insufficient funds (??) for payments (12562231156.1005), decreasing rewards by 0.4% and retrying
2018-01-16 20:42:33 [Payments] [testcoin community] - sendmany "" {"mwX4zW9mLDR9Y7ZbGBrtBCMVSgMJqRSjxJ":12549631124.8506}
2018-01-16 20:43:30 [Payments] [testcoin community] - Insufficient funds (??) for payments (12600031249.85), decreasing rewards by 0.1% and retrying
2018-01-16 20:43:30 [Payments] [testcoin community] - Insufficient funds (??) for payments (12587431218.6002), decreasing rewards by 0.2% and retrying
2018-01-16 20:43:30 [Payments] [testcoin community] - Insufficient funds (??) for payments (12574831187.3503), decreasing rewards by 0.3% and retrying
2018-01-16 20:43:30 [Payments] [testcoin community] - Insufficient funds (??) for payments (12562231156.1005), decreasing rewards by 0.4% and retrying
2018-01-16 20:43:30 [Payments] [testcoin community] - sendmany "" {"mwX4zW9mLDR9Y7ZbGBrtBCMVSgMJqRSjxJ":12549631124.8506}
2018-01-16 20:44:27 [Payments] [testcoin community] - Insufficient funds (??) for payments (12600031249.85), decreasing rewards by 0.1% and retrying
2018-01-16 20:44:27 [Payments] [testcoin community] - Insufficient funds (??) for payments (12587431218.6002), decreasing rewards by 0.2% and retrying
2018-01-16 20:44:27 [Payments] [testcoin community] - Insufficient funds (??) for payments (12574831187.3503), decreasing rewards by 0.3% and retrying
2018-01-16 20:44:27 [Payments] [testcoin community] - Insufficient funds (??) for payments (12562231156.1005), decreasing rewards by 0.4% and retrying
2018-01-16 20:44:27 [Payments] [testcoin community] - sendmany "" {"mwX4zW9mLDR9Y7ZbGBrtBCMVSgMJqRSjxJ":12549631124.8506}
2018-01-16 20:45:38 [Payments] [testcoin community] -  minimum paymentInterval of 120 seconds recommended.
2018-01-25 23:23:09 [Payments] [bitcoin community] -  minimum paymentInterval of 120 seconds recommended.
2018-02-12 05:42:43 [Payments] [bitcoin community] -  minimum paymentInterval of 120 seconds recommended.
2018-02-12 05:43:44 [Payments] [bitcoin community] -  minimum paymentInterval of 120 seconds recommended.
2018-02-12 05:44:44 [Payments] [bitcoin community] -  minimum paymentInterval of 120 seconds recommended.
2018-02-12 05:45:44 [Payments] [bitcoin community] -  minimum paymentInterval of 120 seconds recommended.
2018-02-12 05:46:45 [Payments] [bitcoin community] -  minimum paymentInterval of 120 seconds recommended.
2018-02-12 05:47:45 [Payments] [bitcoin community] -  minimum paymentInterval of 120 seconds recommended.
2018-02-12 05:48:45 [Payments] [bitcoin community] -  minimum paymentInterval of 120 seconds recommended.
2018-02-12 05:49:46 [Payments] [bitcoin community] -  minimum paymentInterval of 120 seconds recommended.
2018-02-12 05:50:46 [Payments] [bitcoin community] -  minimum paymentInterval of 120 seconds recommended.
2018-02-12 05:51:46 [Payments] [bitcoin community] -  minimum paymentInterval of 120 seconds recommended.
2018-02-12 05:52:47 [Payments] [bitcoin community] -  minimum paymentInterval of 120 seconds recommended.
2018-02-12 05:53:47 [Payments] [bitcoin community] -  minimum paymentInterval of 120 seconds recommended.
2018-02-12 05:54:47 [Payments] [bitcoin community] -  minimum paymentInterval of 120 seconds recommended.
2018-02-12 05:55:48 [Payments] [bitcoin community] -  minimum paymentInterval of 120 seconds recommended.
2018-02-12 05:56:48 [Payments] [bitcoin community] -  minimum paymentInterval of 120 seconds recommended.
2018-02-12 05:57:48 [Payments] [bitcoin community] -  minimum paymentInterval of 120 seconds recommended.
2018-02-12 05:58:49 [Payments] [bitcoin community] -  minimum paymentInterval of 120 seconds recommended.
2018-02-12 05:59:49 [Payments] [bitcoin community] -  minimum paymentInterval of 120 seconds recommended.
2018-02-12 06:00:50 [Payments] [bitcoin community] -  minimum paymentInterval of 120 seconds recommended.
2018-02-12 06:01:50 [Payments] [bitcoin community] -  minimum paymentInterval of 120 seconds recommended.
2018-02-12 06:02:50 [Payments] [bitcoin community] -  minimum paymentInterval of 120 seconds recommended.
2018-02-12 06:03:51 [Payments] [bitcoin community] -  minimum paymentInterval of 120 seconds recommended.
2018-02-12 06:04:51 [Payments] [bitcoin community] -  minimum paymentInterval of 120 seconds recommended.
2018-02-12 06:05:52 [Payments] [bitcoin community] -  minimum paymentInterval of 120 seconds recommended.
2018-02-12 06:06:52 [Payments] [bitcoin community] -  minimum paymentInterval of 120 seconds recommended.
2018-02-12 06:07:53 [Payments] [bitcoin community] -  minimum paymentInterval of 120 seconds recommended.
2018-02-12 06:08:53 [Payments] [bitcoin community] -  minimum paymentInterval of 120 seconds recommended.
2018-02-12 06:09:53 [Payments] [bitcoin community] -  minimum paymentInterval of 120 seconds recommended.
2018-02-12 06:10:54 [Payments] [bitcoin community] -  minimum paymentInterval of 120 seconds recommended.
2018-02-12 06:11:54 [Payments] [bitcoin community] -  minimum paymentInterval of 120 seconds recommended.
2018-02-12 06:12:54 [Payments] [bitcoin community] -  minimum paymentInterval of 120 seconds recommended.
2018-02-12 06:13:55 [Payments] [bitcoin community] -  minimum paymentInterval of 120 seconds recommended.
2018-02-12 06:14:55 [Payments] [bitcoin community] -  minimum paymentInterval of 120 seconds recommended.
2018-02-12 06:15:55 [Payments] [bitcoin community] -  minimum paymentInterval of 120 seconds recommended.
2018-02-12 06:16:56 [Payments] [bitcoin community] -  minimum paymentInterval of 120 seconds recommended.
2018-02-12 06:17:56 [Payments] [bitcoin community] -  minimum paymentInterval of 120 seconds recommended.
2018-02-12 06:18:56 [Payments] [bitcoin community] -  minimum paymentInterval of 120 seconds recommended.
2018-02-12 06:19:57 [Payments] [bitcoin community] -  minimum paymentInterval of 120 seconds recommended.
2018-02-12 06:20:57 [Payments] [bitcoin community] -  minimum paymentInterval of 120 seconds recommended.
2018-02-12 06:21:58 [Payments] [bitcoin community] -  minimum paymentInterval of 120 seconds recommended.
2018-02-12 06:22:58 [Payments] [bitcoin community] -  minimum paymentInterval of 120 seconds recommended.
2018-02-12 06:23:59 [Payments] [bitcoin community] -  minimum paymentInterval of 120 seconds recommended.
2018-02-12 06:24:59 [Payments] [bitcoin community] -  minimum paymentInterval of 120 seconds recommended.
2018-02-12 06:25:59 [Payments] [bitcoin community] -  minimum paymentInterval of 120 seconds recommended.
2018-02-12 06:27:00 [Payments] [bitcoin community] -  minimum paymentInterval of 120 seconds recommended.
2018-02-12 06:28:00 [Payments] [bitcoin community] -  minimum paymentInterval of 120 seconds recommended.
2018-02-12 06:29:01 [Payments] [bitcoin community] -  minimum paymentInterval of 120 seconds recommended.
2018-02-12 06:30:01 [Payments] [bitcoin community] -  minimum paymentInterval of 120 seconds recommended.
2018-02-12 06:31:02 [Payments] [bitcoin community] -  minimum paymentInterval of 120 seconds recommended.
2018-02-12 06:32:02 [Payments] [bitcoin community] -  minimum paymentInterval of 120 seconds recommended.
2018-02-12 06:33:03 [Payments] [bitcoin community] -  minimum paymentInterval of 120 seconds recommended.
2018-02-12 06:34:03 [Payments] [bitcoin community] -  minimum paymentInterval of 120 seconds recommended.
2018-02-12 06:35:03 [Payments] [bitcoin community] -  minimum paymentInterval of 120 seconds recommended.
2018-02-12 06:36:04 [Payments] [bitcoin community] -  minimum paymentInterval of 120 seconds recommended.
2018-02-12 06:37:04 [Payments] [bitcoin community] -  minimum paymentInterval of 120 seconds recommended.
2018-02-12 06:38:05 [Payments] [bitcoin community] -  minimum paymentInterval of 120 seconds recommended.
2018-02-12 06:39:05 [Payments] [bitcoin community] -  minimum paymentInterval of 120 seconds recommended.
2018-02-12 06:40:05 [Payments] [bitcoin community] -  minimum paymentInterval of 120 seconds recommended.
2018-02-12 06:41:06 [Payments] [bitcoin community] -  minimum paymentInterval of 120 seconds recommended.
2018-02-12 06:42:07 [Payments] [bitcoin community] -  minimum paymentInterval of 120 seconds recommended.
2018-02-12 06:43:07 [Payments] [bitcoin community] -  minimum paymentInterval of 120 seconds recommended.
2018-02-12 06:44:07 [Payments] [bitcoin community] -  minimum paymentInterval of 120 seconds recommended.
2018-02-12 06:45:08 [Payments] [bitcoin community] -  minimum paymentInterval of 120 seconds recommended.
2018-02-12 06:46:08 [Payments] [bitcoin community] -  minimum paymentInterval of 120 seconds recommended.
2018-02-12 06:47:09 [Payments] [bitcoin community] -  minimum paymentInterval of 120 seconds recommended.
2018-02-12 06:48:09 [Payments] [bitcoin community] -  minimum paymentInterval of 120 seconds recommended.
2018-02-12 06:49:10 [Payments] [bitcoin community] -  minimum paymentInterval of 120 seconds recommended.
2018-02-12 06:50:10 [Payments] [bitcoin community] -  minimum paymentInterval of 120 seconds recommended.
2018-02-12 06:51:11 [Payments] [bitcoin community] -  minimum paymentInterval of 120 seconds recommended.
2018-02-12 06:52:11 [Payments] [bitcoin community] -  minimum paymentInterval of 120 seconds recommended.
2018-02-12 06:53:12 [Payments] [bitcoin community] -  minimum paymentInterval of 120 seconds recommended.
2018-02-12 06:54:12 [Payments] [bitcoin community] -  minimum paymentInterval of 120 seconds recommended.
2018-02-12 06:55:12 [Payments] [bitcoin community] -  minimum paymentInterval of 120 seconds recommended.
2018-02-12 06:56:13 [Payments] [bitcoin community] -  minimum paymentInterval of 120 seconds recommended.
2018-02-12 06:57:13 [Payments] [bitcoin community] -  minimum paymentInterval of 120 seconds recommended.
2018-02-12 06:58:14 [Payments] [bitcoin community] -  minimum paymentInterval of 120 seconds recommended.
2018-02-12 06:59:14 [Payments] [bitcoin community] -  minimum paymentInterval of 120 seconds recommended.
2018-02-12 07:00:15 [Payments] [bitcoin community] -  minimum paymentInterval of 120 seconds recommended.
2018-02-12 07:01:15 [Payments] [bitcoin community] -  minimum paymentInterval of 120 seconds recommended.
2018-02-12 07:02:15 [Payments] [bitcoin community] -  minimum paymentInterval of 120 seconds recommended.
2018-02-12 07:03:16 [Payments] [bitcoin community] -  minimum paymentInterval of 120 seconds recommended.
2018-02-12 07:04:16 [Payments] [bitcoin community] -  minimum paymentInterval of 120 seconds recommended.
2018-02-12 07:05:16 [Payments] [bitcoin community] -  minimum paymentInterval of 120 seconds recommended.
2018-02-12 07:06:17 [Payments] [bitcoin community] -  minimum paymentInterval of 120 seconds recommended.
2018-02-12 07:07:17 [Payments] [bitcoin community] -  minimum paymentInterval of 120 seconds recommended.
2018-02-12 07:08:18 [Payments] [bitcoin community] -  minimum paymentInterval of 120 seconds recommended.
2018-02-12 07:09:18 [Payments] [bitcoin community] -  minimum paymentInterval of 120 seconds recommended.
2018-02-12 07:10:18 [Payments] [bitcoin community] -  minimum paymentInterval of 120 seconds recommended.
2018-02-12 07:11:19 [Payments] [bitcoin community] -  minimum paymentInterval of 120 seconds recommended.
2018-02-12 07:12:20 [Payments] [bitcoin community] -  minimum paymentInterval of 120 seconds recommended.
2018-02-12 07:13:20 [Payments] [bitcoin community] -  minimum paymentInterval of 120 seconds recommended.
2018-02-12 07:14:21 [Payments] [bitcoin community] -  minimum paymentInterval of 120 seconds recommended.
2018-02-12 07:15:21 [Payments] [bitcoin community] -  minimum paymentInterval of 120 seconds recommended.
2018-02-12 07:16:21 [Payments] [bitcoin community] -  minimum paymentInterval of 120 seconds recommended.
2018-02-12 07:17:22 [Payments] [bitcoin community] -  minimum paymentInterval of 120 seconds recommended.
2018-02-12 07:18:22 [Payments] [bitcoin community] -  minimum paymentInterval of 120 seconds recommended.
2018-02-12 07:19:23 [Payments] [bitcoin community] -  minimum paymentInterval of 120 seconds recommended.
2018-02-12 07:20:23 [Payments] [bitcoin community] -  minimum paymentInterval of 120 seconds recommended.
2018-02-12 07:21:24 [Payments] [bitcoin community] -  minimum paymentInterval of 120 seconds recommended.
2018-02-12 07:22:24 [Payments] [bitcoin community] -  minimum paymentInterval of 120 seconds recommended.
2018-02-12 07:23:25 [Payments] [bitcoin community] -  minimum paymentInterval of 120 seconds recommended.
2018-02-12 07:24:25 [Payments] [bitcoin community] -  minimum paymentInterval of 120 seconds recommended.
2018-02-12 07:25:26 [Payments] [bitcoin community] -  minimum paymentInterval of 120 seconds recommended.
2018-02-12 07:26:26 [Payments] [bitcoin community] -  minimum paymentInterval of 120 seconds recommended.
2018-02-12 07:27:27 [Payments] [bitcoin community] -  minimum paymentInterval of 120 seconds recommended.
2018-02-12 07:28:27 [Payments] [bitcoin community] -  minimum paymentInterval of 120 seconds recommended.
2018-02-12 07:29:28 [Payments] [bitcoin community] -  minimum paymentInterval of 120 seconds recommended.
2018-02-12 07:30:28 [Payments] [bitcoin community] -  minimum paymentInterval of 120 seconds recommended.
2018-02-12 07:31:28 [Payments] [bitcoin community] -  minimum paymentInterval of 120 seconds recommended.
2018-02-12 07:32:29 [Payments] [bitcoin community] -  minimum paymentInterval of 120 seconds recommended.
2018-02-12 07:33:29 [Payments] [bitcoin community] -  minimum paymentInterval of 120 seconds recommended.
2018-02-12 07:34:29 [Payments] [bitcoin community] -  minimum paymentInterval of 120 seconds recommended.
2018-02-12 07:35:30 [Payments] [bitcoin community] -  minimum paymentInterval of 120 seconds recommended.
2018-02-12 07:36:30 [Payments] [bitcoin community] -  minimum paymentInterval of 120 seconds recommended.
2018-02-12 07:37:31 [Payments] [bitcoin community] -  minimum paymentInterval of 120 seconds recommended.
2018-02-12 07:38:31 [Payments] [bitcoin community] -  minimum paymentInterval of 120 seconds recommended.
2018-02-12 07:39:31 [Payments] [bitcoin community] -  minimum paymentInterval of 120 seconds recommended.
2018-02-12 07:40:32 [Payments] [bitcoin community] -  minimum paymentInterval of 120 seconds recommended.
2018-02-12 07:41:32 [Payments] [bitcoin community] -  minimum paymentInterval of 120 seconds recommended.
2018-02-12 07:42:33 [Payments] [bitcoin community] -  minimum paymentInterval of 120 seconds recommended.
2018-02-12 07:43:33 [Payments] [bitcoin community] -  minimum paymentInterval of 120 seconds recommended.
2018-02-12 07:44:33 [Payments] [bitcoin community] -  minimum paymentInterval of 120 seconds recommended.
2018-02-12 07:45:33 [Payments] [bitcoin community] -  minimum paymentInterval of 120 seconds recommended.
2018-02-12 07:46:34 [Payments] [bitcoin community] -  minimum paymentInterval of 120 seconds recommended.
2018-02-12 07:47:34 [Payments] [bitcoin community] -  minimum paymentInterval of 120 seconds recommended.
2018-02-12 07:48:34 [Payments] [bitcoin community] -  minimum paymentInterval of 120 seconds recommended.
2018-02-12 07:49:35 [Payments] [bitcoin community] -  minimum paymentInterval of 120 seconds recommended.
2018-02-12 07:50:36 [Payments] [bitcoin community] -  minimum paymentInterval of 120 seconds recommended.
2018-02-12 07:51:36 [Payments] [bitcoin community] -  minimum paymentInterval of 120 seconds recommended.
2018-02-12 07:52:36 [Payments] [bitcoin community] -  minimum paymentInterval of 120 seconds recommended.
2018-02-12 07:53:37 [Payments] [bitcoin community] -  minimum paymentInterval of 120 seconds recommended.
2018-02-12 07:54:37 [Payments] [bitcoin community] -  minimum paymentInterval of 120 seconds recommended.
2018-02-12 07:55:37 [Payments] [bitcoin community] -  minimum paymentInterval of 120 seconds recommended.
2018-02-12 07:56:38 [Payments] [bitcoin community] -  minimum paymentInterval of 120 seconds recommended.
2018-02-12 07:57:38 [Payments] [bitcoin community] -  minimum paymentInterval of 120 seconds recommended.
2018-02-12 07:58:38 [Payments] [bitcoin community] -  minimum paymentInterval of 120 seconds recommended.
2018-02-12 07:59:39 [Payments] [bitcoin community] -  minimum paymentInterval of 120 seconds recommended.
2018-02-12 08:00:39 [Payments] [bitcoin community] -  minimum paymentInterval of 120 seconds recommended.
2018-02-12 08:01:39 [Payments] [bitcoin community] -  minimum paymentInterval of 120 seconds recommended.
2018-02-12 08:02:40 [Payments] [bitcoin community] -  minimum paymentInterval of 120 seconds recommended.
2018-02-12 08:03:40 [Payments] [bitcoin community] -  minimum paymentInterval of 120 seconds recommended.
2018-02-12 08:04:40 [Payments] [bitcoin community] -  minimum paymentInterval of 120 seconds recommended.
2018-02-12 08:05:40 [Payments] [bitcoin community] -  minimum paymentInterval of 120 seconds recommended.
2018-02-12 08:06:41 [Payments] [bitcoin community] -  minimum paymentInterval of 120 seconds recommended.
2018-02-12 08:07:41 [Payments] [bitcoin community] -  minimum paymentInterval of 120 seconds recommended.
2018-02-12 08:08:42 [Payments] [bitcoin community] -  minimum paymentInterval of 120 seconds recommended.
2018-02-12 08:09:42 [Payments] [bitcoin community] -  minimum paymentInterval of 120 seconds recommended.
2018-02-12 08:10:43 [Payments] [bitcoin community] -  minimum paymentInterval of 120 seconds recommended.
2018-02-12 08:11:43 [Payments] [bitcoin community] -  minimum paymentInterval of 120 seconds recommended.
2018-02-12 08:12:43 [Payments] [bitcoin community] -  minimum paymentInterval of 120 seconds recommended.
2018-02-12 08:13:44 [Payments] [bitcoin community] -  minimum paymentInterval of 120 seconds recommended.
2018-02-12 08:14:44 [Payments] [bitcoin community] -  minimum paymentInterval of 120 seconds recommended.
2018-02-12 08:15:45 [Payments] [bitcoin community] -  minimum paymentInterval of 120 seconds recommended.
2018-02-12 08:16:45 [Payments] [bitcoin community] -  minimum paymentInterval of 120 seconds recommended.
2018-02-12 08:17:45 [Payments] [bitcoin community] -  minimum paymentInterval of 120 seconds recommended.
2018-02-12 08:18:46 [Payments] [bitcoin community] -  minimum paymentInterval of 120 seconds recommended.
2018-02-12 08:19:46 [Payments] [bitcoin community] -  minimum paymentInterval of 120 seconds recommended.
2018-02-12 08:20:47 [Payments] [bitcoin community] -  minimum paymentInterval of 120 seconds recommended.
2018-02-12 08:21:47 [Payments] [bitcoin community] -  minimum paymentInterval of 120 seconds recommended.
2018-02-12 08:22:47 [Payments] [bitcoin community] -  minimum paymentInterval of 120 seconds recommended.
2018-02-12 08:23:48 [Payments] [bitcoin community] -  minimum paymentInterval of 120 seconds recommended.
2018-02-12 08:24:48 [Payments] [bitcoin community] -  minimum paymentInterval of 120 seconds recommended.
2018-02-12 08:25:49 [Payments] [bitcoin community] -  minimum paymentInterval of 120 seconds recommended.
2018-02-12 08:26:49 [Payments] [bitcoin community] -  minimum paymentInterval of 120 seconds recommended.
2018-02-12 08:27:50 [Payments] [bitcoin community] -  minimum paymentInterval of 120 seconds recommended.
2018-02-12 08:28:50 [Payments] [bitcoin community] -  minimum paymentInterval of 120 seconds recommended.
2018-02-12 08:29:50 [Payments] [bitcoin community] -  minimum paymentInterval of 120 seconds recommended.
2018-02-12 08:30:51 [Payments] [bitcoin community] -  minimum paymentInterval of 120 seconds recommended.
2018-02-12 08:31:51 [Payments] [bitcoin community] -  minimum paymentInterval of 120 seconds recommended.
2018-02-12 08:32:52 [Payments] [bitcoin community] -  minimum paymentInterval of 120 seconds recommended.
2018-02-12 08:33:52 [Payments] [bitcoin community] -  minimum paymentInterval of 120 seconds recommended.
2018-02-12 08:34:53 [Payments] [bitcoin community] -  minimum paymentInterval of 120 seconds recommended.
2018-02-12 08:35:53 [Payments] [bitcoin community] -  minimum paymentInterval of 120 seconds recommended.
2018-02-12 08:36:53 [Payments] [bitcoin community] -  minimum paymentInterval of 120 seconds recommended.
2018-02-12 08:37:54 [Payments] [bitcoin community] -  minimum paymentInterval of 120 seconds recommended.
2018-02-12 08:38:54 [Payments] [bitcoin community] -  minimum paymentInterval of 120 seconds recommended.
2018-02-12 08:39:54 [Payments] [bitcoin community] -  minimum paymentInterval of 120 seconds recommended.
2018-02-12 08:40:55 [Payments] [bitcoin community] -  minimum paymentInterval of 120 seconds recommended.
2018-02-12 08:41:55 [Payments] [bitcoin community] -  minimum paymentInterval of 120 seconds recommended.
2018-02-12 08:42:55 [Payments] [bitcoin community] -  minimum paymentInterval of 120 seconds recommended.
2018-02-12 08:43:56 [Payments] [bitcoin community] -  minimum paymentInterval of 120 seconds recommended.
2018-02-12 08:44:56 [Payments] [bitcoin community] -  minimum paymentInterval of 120 seconds recommended.
2018-02-12 08:45:57 [Payments] [bitcoin community] -  minimum paymentInterval of 120 seconds recommended.
2018-02-12 08:46:57 [Payments] [bitcoin community] -  minimum paymentInterval of 120 seconds recommended.
2018-02-12 08:47:58 [Payments] [bitcoin community] -  minimum paymentInterval of 120 seconds recommended.
2018-02-12 08:48:58 [Payments] [bitcoin community] -  minimum paymentInterval of 120 seconds recommended.
2018-02-12 08:49:59 [Payments] [bitcoin community] -  minimum paymentInterval of 120 seconds recommended.
2018-02-12 08:50:59 [Payments] [bitcoin community] -  minimum paymentInterval of 120 seconds recommended.
2018-02-12 08:52:00 [Payments] [bitcoin community] -  minimum paymentInterval of 120 seconds recommended.
2018-02-12 08:53:00 [Payments] [bitcoin community] -  minimum paymentInterval of 120 seconds recommended.
2018-02-12 08:54:01 [Payments] [bitcoin community] -  minimum paymentInterval of 120 seconds recommended.
2018-02-12 08:55:01 [Payments] [bitcoin community] -  minimum paymentInterval of 120 seconds recommended.
2018-02-12 08:56:01 [Payments] [bitcoin community] -  minimum paymentInterval of 120 seconds recommended.
2018-02-12 08:57:02 [Payments] [bitcoin community] -  minimum paymentInterval of 120 seconds recommended.
2018-02-12 08:58:03 [Payments] [bitcoin community] -  minimum paymentInterval of 120 seconds recommended.
2018-02-12 08:59:03 [Payments] [bitcoin community] -  minimum paymentInterval of 120 seconds recommended.
2018-02-12 09:00:03 [Payments] [bitcoin community] -  minimum paymentInterval of 120 seconds recommended.
2018-02-12 09:01:04 [Payments] [bitcoin community] -  minimum paymentInterval of 120 seconds recommended.
2018-02-12 09:02:04 [Payments] [bitcoin community] -  minimum paymentInterval of 120 seconds recommended.
2018-02-12 09:03:05 [Payments] [bitcoin community] -  minimum paymentInterval of 120 seconds recommended.
2018-02-12 09:04:06 [Payments] [bitcoin community] -  minimum paymentInterval of 120 seconds recommended.
2018-02-12 09:05:06 [Payments] [bitcoin community] -  minimum paymentInterval of 120 seconds recommended.
2018-02-12 09:06:06 [Payments] [bitcoin community] -  minimum paymentInterval of 120 seconds recommended.
2018-02-12 09:07:06 [Payments] [bitcoin community] -  minimum paymentInterval of 120 seconds recommended.
2018-02-12 09:08:07 [Payments] [bitcoin community] -  minimum paymentInterval of 120 seconds recommended.
2018-02-12 09:09:07 [Payments] [bitcoin community] -  minimum paymentInterval of 120 seconds recommended.
2018-02-12 09:10:08 [Payments] [bitcoin community] -  minimum paymentInterval of 120 seconds recommended.
2018-02-12 09:11:08 [Payments] [bitcoin community] -  minimum paymentInterval of 120 seconds recommended.
2018-02-12 09:12:08 [Payments] [bitcoin community] -  minimum paymentInterval of 120 seconds recommended.
2018-02-12 09:13:09 [Payments] [bitcoin community] -  minimum paymentInterval of 120 seconds recommended.
2018-02-12 09:14:10 [Payments] [bitcoin community] -  minimum paymentInterval of 120 seconds recommended.
2018-02-12 09:15:10 [Payments] [bitcoin community] -  minimum paymentInterval of 120 seconds recommended.
2018-02-12 09:16:11 [Payments] [bitcoin community] -  minimum paymentInterval of 120 seconds recommended.
2018-02-12 09:17:11 [Payments] [bitcoin community] -  minimum paymentInterval of 120 seconds recommended.
2018-02-12 09:18:12 [Payments] [bitcoin community] -  minimum paymentInterval of 120 seconds recommended.
2018-02-12 09:19:12 [Payments] [bitcoin community] -  minimum paymentInterval of 120 seconds recommended.
2018-02-12 09:20:12 [Payments] [bitcoin community] -  minimum paymentInterval of 120 seconds recommended.
2018-02-12 09:21:13 [Payments] [bitcoin community] -  minimum paymentInterval of 120 seconds recommended.
2018-02-12 09:22:13 [Payments] [bitcoin community] -  minimum paymentInterval of 120 seconds recommended.
2018-02-12 09:23:14 [Payments] [bitcoin community] -  minimum paymentInterval of 120 seconds recommended.
2018-02-12 09:24:15 [Payments] [bitcoin community] -  minimum paymentInterval of 120 seconds recommended.
2018-02-12 09:25:15 [Payments] [bitcoin community] -  minimum paymentInterval of 120 seconds recommended.
2018-02-12 09:26:16 [Payments] [bitcoin community] -  minimum paymentInterval of 120 seconds recommended.
2018-02-12 09:27:16 [Payments] [bitcoin community] -  minimum paymentInterval of 120 seconds recommended.
2018-02-12 09:28:17 [Payments] [bitcoin community] -  minimum paymentInterval of 120 seconds recommended.
2018-02-12 09:29:17 [Payments] [bitcoin community] -  minimum paymentInterval of 120 seconds recommended.
2018-02-12 09:30:17 [Payments] [bitcoin community] -  minimum paymentInterval of 120 seconds recommended.
2018-02-12 09:31:18 [Payments] [bitcoin community] -  minimum paymentInterval of 120 seconds recommended.
2018-02-12 09:32:18 [Payments] [bitcoin community] -  minimum paymentInterval of 120 seconds recommended.
2018-02-12 09:33:19 [Payments] [bitcoin community] -  minimum paymentInterval of 120 seconds recommended.
2018-02-12 09:34:19 [Payments] [bitcoin community] -  minimum paymentInterval of 120 seconds recommended.
2018-02-12 09:35:20 [Payments] [bitcoin community] -  minimum paymentInterval of 120 seconds recommended.
2018-02-12 09:36:42 [Payments] [bitcoin community] -  minimum paymentInterval of 120 seconds recommended.
2018-02-12 09:37:42 [Payments] [bitcoin community] -  minimum paymentInterval of 120 seconds recommended.
2018-02-12 09:38:43 [Payments] [bitcoin community] -  minimum paymentInterval of 120 seconds recommended.
2018-02-12 09:39:43 [Payments] [bitcoin community] -  minimum paymentInterval of 120 seconds recommended.
2018-02-12 09:40:44 [Payments] [bitcoin community] -  minimum paymentInterval of 120 seconds recommended.
2018-02-12 09:41:44 [Payments] [bitcoin community] -  minimum paymentInterval of 120 seconds recommended.
2018-02-12 09:42:45 [Payments] [bitcoin community] -  minimum paymentInterval of 120 seconds recommended.
2018-02-12 09:43:45 [Payments] [bitcoin community] -  minimum paymentInterval of 120 seconds recommended.
2018-02-12 09:44:45 [Payments] [bitcoin community] -  minimum paymentInterval of 120 seconds recommended.
2018-02-12 09:45:46 [Payments] [bitcoin community] -  minimum paymentInterval of 120 seconds recommended.
2018-02-12 09:46:46 [Payments] [bitcoin community] -  minimum paymentInterval of 120 seconds recommended.
2018-02-12 09:47:47 [Payments] [bitcoin community] -  minimum paymentInterval of 120 seconds recommended.
2018-02-12 09:48:47 [Payments] [bitcoin community] -  minimum paymentInterval of 120 seconds recommended.
2018-02-12 09:49:47 [Payments] [bitcoin community] -  minimum paymentInterval of 120 seconds recommended.
2018-02-12 09:50:48 [Payments] [bitcoin community] -  minimum paymentInterval of 120 seconds recommended.
2018-02-12 09:51:49 [Payments] [bitcoin community] -  minimum paymentInterval of 120 seconds recommended.
2018-02-12 09:52:49 [Payments] [bitcoin community] -  minimum paymentInterval of 120 seconds recommended.
2018-02-12 09:53:50 [Payments] [bitcoin community] -  minimum paymentInterval of 120 seconds recommended.
2018-02-12 09:54:50 [Payments] [bitcoin community] -  minimum paymentInterval of 120 seconds recommended.
2018-02-12 09:55:51 [Payments] [bitcoin community] -  minimum paymentInterval of 120 seconds recommended.
2018-02-12 09:56:51 [Payments] [bitcoin community] -  minimum paymentInterval of 120 seconds recommended.
2018-02-12 09:57:52 [Payments] [bitcoin community] -  minimum paymentInterval of 120 seconds recommended.
2018-02-12 09:58:52 [Payments] [bitcoin community] -  minimum paymentInterval of 120 seconds recommended.
2018-02-12 09:59:53 [Payments] [bitcoin community] -  minimum paymentInterval of 120 seconds recommended.
2018-02-12 10:00:53 [Payments] [bitcoin community] -  minimum paymentInterval of 120 seconds recommended.
2018-02-12 10:01:54 [Payments] [bitcoin community] -  minimum paymentInterval of 120 seconds recommended.
2018-02-12 11:13:48 [Payments] [bitcoin community] -  minimum paymentInterval of 120 seconds recommended.
2018-02-12 11:51:39 [Payments] [bitcoin community] -  minimum paymentInterval of 120 seconds recommended.
