2018-01-14 21:02:39 [Pool] [testcoin community] - Stratum Pool Server Started for testcoin community [TTSQ] {equihash}
						Network Connected:	Testnet
						Detected Reward Type:	POW
						Current Block Height:	1258784
						Current Block Diff:	1062097314826.7521
						Current Connect Peers:	1
						Network Hash Rate:	2.93 TH
						Stratum Port(s):	3857
						Block polling every:	500 ms
2018-01-14 21:15:00 [Pool] [testcoin community] - Stratum Pool Server Started for testcoin community [TTSQ] {equihash}
						Network Connected:	Testnet
						Detected Reward Type:	POW
						Current Block Height:	1258784
						Current Block Diff:	1062097314826.7521
						Current Connect Peers:	2
						Network Hash Rate:	2.93 TH
						Stratum Port(s):	3857
						Block polling every:	500 ms
2018-01-14 21:23:15 [Pool] [testcoin community] - Stratum Pool Server Started for testcoin community [TTSQ] {equihash}
						Network Connected:	Testnet
						Detected Reward Type:	POW
						Current Block Height:	1258785
						Current Block Diff:	1062097314826.7521
						Current Connect Peers:	1
						Network Hash Rate:	2.84 TH
						Stratum Port(s):	3857
						Block polling every:	500 ms
2018-01-15 09:10:05 [Pool] [testcoin community] - Stratum Pool Server Started for testcoin community [TTSQ] {equihash}
						Network Connected:	Testnet
						Detected Reward Type:	POW
						Current Block Height:	1258788
						Current Block Diff:	0.031250477
						Current Connect Peers:	3
						Network Hash Rate:	2.83 TH
						Stratum Port(s):	3857
						Block polling every:	500 ms
2018-01-15 09:11:16 [Pool] [testcoin community] - Stratum Pool Server Started for testcoin community [TTSQ] {equihash}
						Network Connected:	Testnet
						Detected Reward Type:	POW
						Current Block Height:	1258788
						Current Block Diff:	0.031250477
						Current Connect Peers:	3
						Network Hash Rate:	2.83 TH
						Stratum Port(s):	3857
						Block polling every:	500 ms
2018-01-15 09:40:17 [Pool] [testcoin community] - Stratum Pool Server Started for testcoin community [TTSQ] {equihash}
						Network Connected:	Testnet
						Detected Reward Type:	POW
						Current Block Height:	1258788
						Current Block Diff:	0.031250477
						Current Connect Peers:	3
						Network Hash Rate:	2.83 TH
						Stratum Port(s):	3857
						Block polling every:	500 ms
2018-01-15 09:52:55 [Pool] [testcoin community] - Stratum Pool Server Started for testcoin community [TTSQ] {equihash}
						Network Connected:	Testnet
						Detected Reward Type:	POW
						Current Block Height:	1258788
						Current Block Diff:	0.031250477
						Current Connect Peers:	3
						Network Hash Rate:	2.83 TH
						Stratum Port(s):	3857
						Block polling every:	500 ms
2018-01-15 23:05:10 [Pool] [testcoin community] - Stratum Pool Server Started for testcoin community [TTSQ] {equihash}
						Network Connected:	Testnet
						Detected Reward Type:	POW
						Current Block Height:	1258788
						Current Block Diff:	0.000244141
						Current Connect Peers:	3
						Network Hash Rate:	2.83 TH
						Stratum Port(s):	3857
						Block polling every:	500 ms
2018-01-15 23:07:51 [Pool] [testcoin community] - Stratum Pool Server Started for testcoin community [TTSQ] {equihash}
						Network Connected:	Testnet
						Detected Reward Type:	POW
						Current Block Height:	1258788
						Current Block Diff:	0.000244141
						Current Connect Peers:	3
						Network Hash Rate:	2.83 TH
						Stratum Port(s):	3857
						Block polling every:	500 ms
2018-01-15 23:08:39 [Pool] [testcoin community] - Stratum Pool Server Started for testcoin community [TTSQ] {equihash}
						Network Connected:	Testnet
						Detected Reward Type:	POW
						Current Block Height:	1258788
						Current Block Diff:	0.000244141
						Current Connect Peers:	3
						Network Hash Rate:	2.83 TH
						Stratum Port(s):	3857
						Block polling every:	500 ms
2018-01-15 23:15:41 [Pool] [testcoin community] - Stratum Pool Server Started for testcoin community [TTSQ] {equihash}
						Network Connected:	Testnet
						Detected Reward Type:	POW
						Current Block Height:	1258788
						Current Block Diff:	0.000244141
						Current Connect Peers:	3
						Network Hash Rate:	2.83 TH
						Stratum Port(s):	3857
						Block polling every:	500 ms
2018-01-15 23:48:27 [Pool] [testcoin community] - Stratum Pool Server Started for testcoin community [TTSQ] {equihash}
						Network Connected:	Testnet
						Detected Reward Type:	POW
						Current Block Height:	1258789
						Current Block Diff:	1.142859634
						Current Connect Peers:	3
						Network Hash Rate:	2.83 TH
						Stratum Port(s):	3857
						Block polling every:	500 ms
2018-01-16 19:13:40 [Pool] [testcoin community] - Stratum Pool Server Started for testcoin community [TTSQ] {equihash}
						Network Connected:	Testnet
						Detected Reward Type:	POW
						Current Block Height:	1259100
						Current Block Diff:	0.031250477
						Current Connect Peers:	2
						Network Hash Rate:	39.91 TH
						Stratum Port(s):	3857
						Block polling every:	500 ms
2018-01-16 19:16:01 [Pool] [testcoin community] - Stratum Pool Server Started for testcoin community [TTSQ] {equihash}
						Network Connected:	Testnet
						Detected Reward Type:	POW
						Current Block Height:	1259100
						Current Block Diff:	0.031250477
						Current Connect Peers:	2
						Network Hash Rate:	39.91 TH
						Stratum Port(s):	3857
						Block polling every:	500 ms
2018-01-16 19:23:03 [Pool] [testcoin community] - Stratum Pool Server Started for testcoin community [TTSQ] {equihash}
						Network Connected:	Testnet
						Detected Reward Type:	POW
						Current Block Height:	1259103
						Current Block Diff:	1.142859634
						Current Connect Peers:	2
						Network Hash Rate:	39.07 TH
						Stratum Port(s):	3857
						Block polling every:	500 ms
2018-01-16 19:39:51 [Pool] [testcoin community] - Stratum Pool Server Started for testcoin community [TTSQ] {equihash}
						Network Connected:	Testnet
						Detected Reward Type:	POW
						Current Block Height:	1259118
						Current Block Diff:	1.142859634
						Current Connect Peers:	2
						Network Hash Rate:	36.89 TH
						Stratum Port(s):	3857
						Block polling every:	500 ms
2018-01-16 20:45:38 [Pool] [testcoin community] - Stratum Pool Server Started for testcoin community [TTSQ] {equihash}
						Network Connected:	Testnet
						Detected Reward Type:	POW
						Current Block Height:	1259226
						Current Block Diff:	1.652378086
						Current Connect Peers:	2
						Network Hash Rate:	0.28 KH
						Stratum Port(s):	3857
						Block polling every:	500 ms
2018-01-25 23:23:09 [Pool] [bitcoin community] - Stratum Pool Server Started for bitcoin community [BTSQ] {equihash}
						Network Connected:	Mainnet
						Detected Reward Type:	POW
						Current Block Height:	506067
						Current Block Diff:	64.000030518
						Current Connect Peers:	1
						Network Hash Rate:	17.32undefined
						Stratum Port(s):	3333
						Block polling every:	500 ms
2018-02-12 09:36:43 [Pool] [bitcoin community] - Stratum Pool Server Started for bitcoin community [BTSQ] {equihash}
						Network Connected:	Mainnet
						Detected Reward Type:	POW
						Current Block Height:	518669
						Current Block Diff:	96.320102192
						Current Connect Peers:	1
						Network Hash Rate:	7.65 KH
						Stratum Port(s):	3333
						Block polling every:	500 ms
2018-02-12 11:13:48 [Pool] [bitcoin community] - Stratum Pool Server Started for bitcoin community [BTSQ] {equihash}
						Network Connected:	Mainnet
						Detected Reward Type:	POW
						Current Block Height:	518679
						Current Block Diff:	95.147365362
						Current Connect Peers:	1
						Network Hash Rate:	7.34 KH
						Stratum Port(s):	3333
						Block polling every:	500 ms
2018-02-12 11:51:40 [Pool] [bitcoin community] - Stratum Pool Server Started for bitcoin community [BTSQ] {equihash}
						Network Connected:	Mainnet
						Detected Reward Type:	POW
						Current Block Height:	518710
						Current Block Diff:	68.001106519
						Current Connect Peers:	1
						Network Hash Rate:	5.47 KH
						Stratum Port(s):	3333
						Block polling every:	500 ms
